
> fitness-tracker@1.0.0 start
> expo start --tunnel

Starting project at /home/openclaw/.openclaw/workspace/fitness-tracker
React Compiler enabled
Starting Metro Bundler
Tunnel connected.
Tunnel ready.
Waiting on http://localhost:8081
Logs for your project will appear below.

> fitness-tracker@1.0.0 start
> expo start --tunnel

Starting project at /home/openclaw/.openclaw/workspace/fitness-tracker
› Port 8081 is running this app in another window
  /home/openclaw/.openclaw/workspace/fitness-tracker (pid 277730)
Input is required, but 'npx expo' is in non-interactive mode.
Required input:
> Use port 8082 instead?
› Skipping dev server
iOS node_modules/expo-router/entry.js ░░░░░░░░░░░░░░░░  0.0% (0/1)
iOS Bundled 2081ms node_modules/expo-router/entry.js (1121 modules)

> fitness-tracker@1.0.0 start
> expo start --tunnel

Starting project at /home/openclaw/.openclaw/workspace/fitness-tracker
React Compiler enabled
Starting Metro Bundler
Tunnel connected.
Tunnel ready.
Waiting on http://localhost:8081
Logs for your project will appear below.
